<?xml version="1.0" encoding="utf-8"?><testsuites name="pytest tests"><testsuite name="pytest" errors="1" failures="0" skipped="0" tests="14" time="13.566" timestamp="2026-01-11T05:03:39.992393+00:00" hostname="agent-env-02d345af-2c42-489b-ad8d-23e757265b17"><testcase classname="tests.test_pdi_status.TestPDIStatusEndpoints" name="test_new_key_has_default_pdi_status" time="0.893" /><testcase classname="tests.test_pdi_status.TestPDIStatusEndpoints" name="test_update_pdi_status_to_in_progress" time="0.156"><error message="failed on setup with &quot;AssertionError: Dealership creation failed: {&quot;detail&quot;:&quot;Admin email already registered&quot;}&#10;assert 400 == 200&#10; +  where 400 = &lt;Response [400]&gt;.status_code&quot;">tests/test_pdi_status.py:39: in admin_session
    assert response.status_code == 200, f"Dealership creation failed: {response.text}"
E   AssertionError: Dealership creation failed: {"detail":"Admin email already registered"}
E   assert 400 == 200
E    +  where 400 = &lt;Response [400]&gt;.status_code</error></testcase><testcase classname="tests.test_pdi_status.TestPDIStatusEndpoints" name="test_update_pdi_status_to_finished" time="0.924" /><testcase classname="tests.test_pdi_status.TestPDIStatusEndpoints" name="test_same_status_update_no_duplicate_audit" time="1.002" /><testcase classname="tests.test_pdi_status.TestPDIStatusEndpoints" name="test_invalid_pdi_status_rejected" time="0.898" /><testcase classname="tests.test_pdi_status.TestPDIAuditLog" name="test_pdi_audit_log_created_on_status_change" time="0.932" /><testcase classname="tests.test_pdi_status.TestPDIAuditLog" name="test_pdi_audit_log_tracks_multiple_changes" time="0.927" /><testcase classname="tests.test_pdi_status.TestPDIAuditLog" name="test_get_all_pdi_audit_logs_admin" time="0.890" /><testcase classname="tests.test_pdi_status.TestPDIStatusFilter" name="test_filter_keys_by_pdi_status_not_pdi_yet" time="1.076" /><testcase classname="tests.test_pdi_status.TestPDIStatusFilter" name="test_filter_keys_by_pdi_status_in_progress" time="1.080" /><testcase classname="tests.test_pdi_status.TestPDIStatusFilter" name="test_filter_keys_by_pdi_status_finished" time="1.029" /><testcase classname="tests.test_pdi_status.TestPDIStatusUserPermissions" name="test_regular_user_can_update_pdi_status" time="1.393" /><testcase classname="tests.test_pdi_status.TestPDIStatusUserPermissions" name="test_regular_user_can_view_own_audit_log" time="1.412" /><testcase classname="tests.test_pdi_status.TestBulkImportWithPDI" name="test_bulk_import_keys_have_default_pdi" time="0.854" /></testsuite></testsuites>