<?xml version="1.0" encoding="utf-8"?><testsuites name="pytest tests"><testsuite name="pytest" errors="0" failures="1" skipped="3" tests="17" time="8.545" timestamp="2026-01-11T04:00:52.089138+00:00" hostname="agent-env-02d345af-2c42-489b-ad8d-23e757265b17"><testcase classname="tests.test_keyflow_new_features.TestPublicEndpoints" name="test_public_dealerships_endpoint" time="0.063" /><testcase classname="tests.test_keyflow_new_features.TestDemoLogin" name="test_demo_login" time="0.042" /><testcase classname="tests.test_keyflow_new_features.TestOwnerLogin" name="test_owner_login_with_correct_pin" time="0.040" /><testcase classname="tests.test_keyflow_new_features.TestOwnerLogin" name="test_owner_login_with_wrong_pin" time="0.040" /><testcase classname="tests.test_keyflow_new_features.TestDealershipCreationWithAdmin" name="test_create_dealership_with_admin" time="0.579" /><testcase classname="tests.test_keyflow_new_features.TestAdminPinLogin" name="test_admin_pin_login" time="0.822" /><testcase classname="tests.test_keyflow_new_features.TestAdminPinLogin" name="test_admin_pin_login_wrong_pin" time="0.787" /><testcase classname="tests.test_keyflow_new_features.TestUserCreationWithPin" name="test_create_user_with_pin" time="1.047" /><testcase classname="tests.test_keyflow_new_features.TestUserCreationWithPin" name="test_user_pin_login" time="1.390" /><testcase classname="tests.test_keyflow_new_features.TestImageUpload" name="test_upload_image_base64" time="0.074" /><testcase classname="tests.test_keyflow_new_features.TestRepairRequests" name="test_get_repair_requests" time="0.077"><skipped type="pytest.skip" message="Could not create key (demo limit reached)">/app/tests/test_keyflow_new_features.py:306: Could not create key (demo limit reached)</skipped></testcase><testcase classname="tests.test_keyflow_new_features.TestRepairRequests" name="test_mark_key_fixed" time="0.095"><skipped type="pytest.skip" message="Could not create key (demo limit reached)">/app/tests/test_keyflow_new_features.py:317: Could not create key (demo limit reached)</skipped></testcase><testcase classname="tests.test_keyflow_new_features.TestPinChange" name="test_change_admin_pin" time="1.558" /><testcase classname="tests.test_keyflow_new_features.TestCustomRoles" name="test_get_dealership_roles" time="0.860" /><testcase classname="tests.test_keyflow_new_features.TestCustomRoles" name="test_add_custom_role" time="0.855"><failure message="AssertionError: Role should persist&#10;assert 'TEST_CustomRole_1768104060' in [{'id': 'test_customrole_1768104060', 'name': 'TEST_CustomRole_1768104060'}]">tests/test_keyflow_new_features.py:447: in test_add_custom_role
    assert role_name in roles_data["custom_roles"], "Role should persist"
E   AssertionError: Role should persist
E   assert 'TEST_CustomRole_1768104060' in [{'id': 'test_customrole_1768104060', 'name': 'TEST_CustomRole_1768104060'}]</failure></testcase><testcase classname="tests.test_keyflow_new_features.TestCheckoutWithNeedsAttention" name="test_checkout_with_needs_attention" time="0.070"><skipped type="pytest.skip" message="Could not create key (demo limit reached)">/app/tests/test_keyflow_new_features.py:476: Could not create key (demo limit reached)</skipped></testcase><testcase classname="tests.test_keyflow_new_features.TestSalesTrackerHidden" name="test_sales_tracker_not_in_navigation" time="0.072" /></testsuite></testsuites>